2026-04-06 12:55:11 - app - INFO - [logger.py:97] - ============================================================
2026-04-06 12:55:11 - app - INFO - [logger.py:97] - 🌐  OnionTraceX Flask Backend API
2026-04-06 12:55:11 - app - INFO - [logger.py:97] - ============================================================
2026-04-06 12:55:11 - app - INFO - [logger.py:97] - Sites: 80 | Vendors: 50 | Wallets: 100
2026-04-06 12:55:11 - app - INFO - [logger.py:97] - Running at: http://localhost:5000
2026-04-06 12:55:11 - app - INFO - [logger.py:97] - ============================================================
2026-04-06 12:55:11 - app - INFO - [logger.py:97] - AsyncPG pool initialized.
2026-04-06 12:56:48 - app - INFO - [logger.py:97] - ============================================================
2026-04-06 12:56:48 - app - INFO - [logger.py:97] - 🌐  OnionTraceX Flask Backend API
2026-04-06 12:56:48 - app - INFO - [logger.py:97] - ============================================================
2026-04-06 12:56:48 - app - INFO - [logger.py:97] - Sites: 80 | Vendors: 50 | Wallets: 100
2026-04-06 12:56:48 - app - INFO - [logger.py:97] - Running at: http://localhost:5000
2026-04-06 12:56:48 - app - INFO - [logger.py:97] - ============================================================
2026-04-06 12:56:48 - app - INFO - [logger.py:97] - AsyncPG pool initialized.
2026-04-06 12:58:31 - app - INFO - [logger.py:97] - 🔗 BTC Network | Nodes=371 Links=500
2026-04-06 12:58:31 - app - INFO - [logger.py:97] - 🔗 BTC Network | Nodes=371 Links=500
2026-04-06 12:59:58 - app - INFO - [logger.py:97] - 📄 SITE_DOSSIER generated
2026-04-06 13:00:36 - app - INFO - [logger.py:97] - 📄 BTC_ADDRESS_REPORT generated
2026-04-06 13:09:54 - app - INFO - [logger.py:97] - ============================================================
2026-04-06 13:09:54 - app - INFO - [logger.py:97] - 🌐  OnionTraceX Flask Backend API
2026-04-06 13:09:54 - app - INFO - [logger.py:97] - ============================================================
2026-04-06 13:09:54 - app - INFO - [logger.py:97] - Sites: 80 | Vendors: 50 | Wallets: 100
2026-04-06 13:09:54 - app - INFO - [logger.py:97] - Running at: http://localhost:5000
2026-04-06 13:09:54 - app - INFO - [logger.py:97] - ============================================================
2026-04-06 13:09:54 - app - INFO - [logger.py:97] - AsyncPG pool initialized.
2026-04-06 13:16:20 - app - INFO - [logger.py:97] - 🔗 BTC Network | Nodes=371 Links=500
2026-04-06 13:16:20 - app - INFO - [logger.py:97] - 🔗 BTC Network | Nodes=371 Links=500
2026-04-06 13:17:58 - app - INFO - [logger.py:97] - 🔗 BTC Network | Nodes=371 Links=500
2026-04-06 13:17:58 - app - INFO - [logger.py:97] - 🔗 BTC Network | Nodes=371 Links=500
