2026-02-09 20:37:43 - SiteLivenessTracker - ERROR - [logger.py:103] - Connection error for http://qibpmewsqcci657q5gbs2cogo3jmymp2pcrdu5tv5v5ppygoctutluid.onion/ | Host unreachable
2026-02-09 20:39:27 - SiteLivenessTracker - ERROR - [logger.py:103] - Connection error for http://pehvizmkzfzhhwu4v5suzt35ksnstdsobuwjs7xzq4nqvmgw2wjl6tqd.onion/ | Host unreachable
2026-02-09 20:43:21 - SiteLivenessTracker - ERROR - [logger.py:103] - Connection error for http://goodw24xc5xstlhgi3k6byyuagutvnlzv6sdcxm7x7iymjhxkbzyagad.onion/ | Host unreachable
2026-02-09 20:44:27 - SiteLivenessTracker - ERROR - [logger.py:103] - Connection error for http://3hoqqrwr3fnk32rkbrui2ir7ahfrwjgdzhk5i4twrvcoiv46nst5weyd.onion/ | Host unreachable
2026-02-09 20:45:59 - SiteLivenessTracker - ERROR - [logger.py:103] - Connection error for http://2aoiednvwdnc4w2r32yoydojuu7a4jc6dtiu7bnxikhlirvjm7jxevid.onion/ | Server disconnected
2026-02-09 20:49:03 - SiteLivenessTracker - ERROR - [logger.py:103] - Connection error for http://rmoneyq6xjku2o4rcfca3o4fdyxx4vkplz5tvjswgcpuhz2sni2e3ayd.onion/ | Server disconnected
2026-02-09 20:50:08 - SiteLivenessTracker - ERROR - [logger.py:103] - Connection error for http://ekcmmvn4jbivk53jwixd3jdoncxwdrir4fhxx3ytqk32y46r6m75gryd.onion/ | General SOCKS server failure
2026-02-09 20:50:23 - SiteLivenessTracker - ERROR - [logger.py:103] - Connection error for http://digdeeptl4vegzckwgxt3pzwhatzn5phko7bu3mzs7my4ihkgeicivid.onion/ | Server disconnected
2026-02-09 20:51:43 - SiteLivenessTracker - ERROR - [logger.py:103] - Connection error for http://4zgb7gf6p4d7ku6b27fiv3sn2htbjdjxy2y7yn2ywocepttjfrr4eeqd.onion/ | Host unreachable
2026-02-09 20:54:37 - SiteLivenessTracker - ERROR - [logger.py:103] - Connection error for http://good27dvx3qzar6n4ooxbt2crmsgkgwxhbe6atljlx7bp5fsztgj5xqd.onion/ | Host unreachable
2026-02-09 20:54:58 - SiteLivenessTracker - ERROR - [logger.py:103] - Connection error for http://goodgwy22x73odc2to2cl2xhjquskjo65fqepox77yzgl3hsu76bh3ad.onion/ | Host unreachable
2026-02-09 20:55:48 - SiteLivenessTracker - ERROR - [logger.py:103] - Connection error for http://goodcwt7ichy4d4pgxsjudj676lv5ne6zuq6ern4hgucn2yvslsc4rid.onion/ | Host unreachable
2026-02-09 20:57:44 - SiteLivenessTracker - ERROR - [logger.py:103] - Connection error for http://27ezycbepl3hfy5evofi4ctoj3n7b3pwovtnxozazu7xlvsehlvriyad.onion/ | Server disconnected
2026-02-09 20:57:47 - SiteLivenessTracker - ERROR - [logger.py:103] - Connection error for http://wclixmz7tlmdvq44efhpxtsfi2jw6tehq5twwmkyecrrawasmixkc6qd.onion/ | Host unreachable
2026-02-09 20:58:05 - SiteLivenessTracker - ERROR - [logger.py:103] - Connection error for http://deeeepv4bfndyatwkdzeciebqcwwlvgqa6mofdtsvwpon4elfut7lfqd.onion/ | Server disconnected
2026-02-09 20:58:11 - SiteLivenessTracker - ERROR - [logger.py:103] - Connection error for http://2poprhfuiuikurhwhwr5aeavl53siqzfitkade2nubvhbvjha3odd6yd.onion/ | Host unreachable
2026-02-09 20:58:23 - SiteLivenessTracker - ERROR - [logger.py:103] - Connection error for http://4f7bazxd2ih53rbflpqvt62wv7eo2uztfwxlifrmwvkyneipvvsmj2id.onion/ | Host unreachable
2026-02-09 21:01:42 - SiteLivenessTracker - ERROR - [logger.py:103] - Connection error for mailto:/ | mailto:/
2026-02-09 21:01:54 - SiteLivenessTracker - ERROR - [logger.py:103] - Connection error for https://xyaukzqqcdkop4ui.onion/ | General SOCKS server failure
2026-02-09 21:01:54 - SiteLivenessTracker - ERROR - [logger.py:103] - Connection error for http://g43ms43rmvelf5v6.onion/ | General SOCKS server failure
2026-02-09 21:02:29 - SiteLivenessTracker - ERROR - [logger.py:103] - Connection error for http://oqbtxa3tywo54vva22qicioq7j45gqoalc4iwdv4izw57wnkm6s4oeqd.onion/ | Host unreachable
2026-02-09 21:04:16 - SiteLivenessTracker - ERROR - [logger.py:103] - Connection error for http://h63rtg7uetpfgdmubwzqtfyvjxiksgy6cgec5hdqnun2nc7scm7di5id.onion/ | Host unreachable
2026-02-09 21:04:43 - SiteLivenessTracker - ERROR - [logger.py:103] - Connection error for http://fou5aa6i7qccz4kgf25w7xmqffkdl3fzgoza3g5vg2uyth5ir55phmyd.onion/ | Host unreachable
2026-02-09 21:06:07 - SiteLivenessTracker - ERROR - [logger.py:103] - Connection error for http://22222ejcfuf6sfwrrj7fdqrue5p3o6shdq3nl42jnaurd7obyveamhad.onion/ | Host unreachable
2026-02-09 21:06:29 - SiteLivenessTracker - ERROR - [logger.py:103] - Connection error for http://apexizhvctxtrsqcz2dybpnvib2s3567djjbyd7ayehzzbsey2doj2yd.onion/ | Host unreachable
2026-02-09 21:07:09 - SiteLivenessTracker - ERROR - [logger.py:103] - Connection error for http://at2fsdqday33lygvxguod7cr63btsgszkvjaas6xb5fhtw2viy3jrqqd.onion/ | Host unreachable
2026-02-09 21:07:16 - SiteLivenessTracker - ERROR - [logger.py:103] - Connection error for http://7mnxfnf6uz7ynh64zrtwobnni4jpm55nrjjiajmyprao4uwfwjejupad.onion/ | Host unreachable
2026-02-09 21:07:49 - SiteLivenessTracker - ERROR - [logger.py:103] - Connection error for http://darkxea62ub3sv4joo5jahql7twujm6yyoic6dfaojrstc7yg7vtiuad.onion/ | Host unreachable
2026-02-09 21:07:52 - SiteLivenessTracker - ERROR - [logger.py:103] - Connection error for http://pornjefux7uklqah63xywsoc5xltydqaov6iej6i7y33k4dwi7lppnad.onion/ | Host unreachable
2026-02-09 21:08:16 - SiteLivenessTracker - ERROR - [logger.py:103] - Connection error for http://fo2rwcycbjigzgflfpdisbcetffkbstqtdp3lr47cff5z2tgzvdq3eyd.onion/ | Host unreachable
